# JRE version: OpenJDK Runtime Environment GraalVM CE 22.3.0 (17.0.5+8) (build 17.0.5+8-jvmci-22.3-b08)
# Java VM: OpenJDK 64-Bit Server VM GraalVM CE 22.3.0 (17.0.5+8-jvmci-22.3-b08, mixed mode, sharing, tiered, jvmci, jvmci compiler, compressed oops, compressed class ptrs, parallel gc, linux-amd64)
GC Precious Log:
 CPUs: 8 total, 1 available
 Memory: 1024M
 Large Page Support: Disabled
 NUMA Support: Disabled
 Compressed Oops: Enabled (32-bit)
 Alignments: Space 512K, Generation 512K, Heap 2M
 Heap Min Capacity: 100M
 Heap Initial Capacity: 100M
 Heap Max Capacity: 512M
 Pre-touch: Disabled
 Parallel Workers: 1
Heap:
 PSYoungGen      total 15360K, used 14848K [0x00000000f5580000, 0x00000000f7100000, 0x0000000100000000)
  eden space 14848K, 100% used [0x00000000f5580000,0x00000000f6400000,0x00000000f6400000)
  from space 512K, 0% used [0x00000000f6500000,0x00000000f6500000,0x00000000f6580000)
  to   space 6144K, 0% used [0x00000000f6a00000,0x00000000f6a00000,0x00000000f7000000)
 ParOldGen       total 349696K, used 349696K [0x00000000e0000000, 0x00000000f5580000, 0x00000000f5580000)
  object space 349696K, 100% used [0x00000000e0000000,0x00000000f5580000,0x00000000f5580000)
 Metaspace       used 52930K, committed 53824K, reserved 1097728K
  class space    used 5110K, committed 5504K, reserved 1048576K
GC Heap History (20 events):
Event: 895.023 GC heap before
{Heap before GC invocations=570 (full 465):
 PSYoungGen      total 15360K, used 14847K [0x00000000f5580000, 0x00000000f7100000, 0x0000000100000000)
  eden space 14848K, 99% used [0x00000000f5580000,0x00000000f63ffff8,0x00000000f6400000)
  from space 512K, 0% used [0x00000000f6500000,0x00000000f6500000,0x00000000f6580000)
  to   space 6144K, 0% used [0x00000000f6a00000,0x00000000f6a00000,0x00000000f7000000)
 ParOldGen       total 349696K, used 349694K [0x00000000e0000000, 0x00000000f5580000, 0x00000000f5580000)
  object space 349696K, 99% used [0x00000000e0000000,0x00000000f557f980,0x00000000f5580000)
 Metaspace       used 52930K, committed 53824K, reserved 1097728K
  class space    used 5110K, committed 5504K, reserved 1048576K
}
Event: 896.709 GC heap after
{Heap after GC invocations=570 (full 465):
 PSYoungGen      total 20992K, used 14847K [0x00000000f5580000, 0x00000000f7100000, 0x0000000100000000)
  eden space 14848K, 99% used [0x00000000f5580000,0x00000000f63fffe0,0x00000000f6400000)
  from space 6144K, 0% used [0x00000000f6a00000,0x00000000f6a00000,0x00000000f7000000)
  to   space 512K, 0% used [0x00000000f6500000,0x00000000f6500000,0x00000000f6580000)
 ParOldGen       total 349696K, used 349692K [0x00000000e0000000, 0x00000000f5580000, 0x00000000f5580000)
  object space 349696K, 99% used [0x00000000e0000000,0x00000000f557f038,0x00000000f5580000)
 Metaspace       used 52930K, committed 53824K, reserved 1097728K
  class space    used 5110K, committed 5504K, reserved 1048576K
}
Event: 896.712 GC heap before
{Heap before GC invocations=571 (full 466):
 PSYoungGen      total 20992K, used 14848K [0x00000000f5580000, 0x00000000f7100000, 0x0000000100000000)
  eden space 14848K, 100% used [0x00000000f5580000,0x00000000f6400000,0x00000000f6400000)
  from space 6144K, 0% used [0x00000000f6a00000,0x00000000f6a00000,0x00000000f7000000)
  to   space 512K, 0% used [0x00000000f6500000,0x00000000f6500000,0x00000000f6580000)
 ParOldGen       total 349696K, used 349694K [0x00000000e0000000, 0x00000000f5580000, 0x00000000f5580000)
  object space 349696K, 99% used [0x00000000e0000000,0x00000000f557f848,0x00000000f5580000)
 Metaspace       used 52930K, committed 53824K, reserved 1097728K
  class space    used 5110K, committed 5504K, reserved 1048576K
}
Event: 898.539 GC heap after
{Heap after GC invocations=571 (full 466):
 PSYoungGen      total 15360K, used 14847K [0x00000000f5580000, 0x00000000f7100000, 0x0000000100000000)
  eden space 14848K, 99% used [0x00000000f5580000,0x00000000f63fffa0,0x00000000f6400000)
  from space 512K, 0% used [0x00000000f6500000,0x00000000f6500000,0x00000000f6580000)
  to   space 6144K, 0% used [0x00000000f6a00000,0x00000000f6a00000,0x00000000f7000000)
 ParOldGen       total 349696K, used 349693K [0x00000000e0000000, 0x00000000f5580000, 0x00000000f5580000)
  object space 349696K, 99% used [0x00000000e0000000,0x00000000f557f6f8,0x00000000f5580000)
 Metaspace       used 52930K, committed 53824K, reserved 1097728K
  class space    used 5110K, committed 5504K, reserved 1048576K
}
Event: 898.540 GC heap before
{Heap before GC invocations=572 (full 467):
 PSYoungGen      total 15360K, used 14848K [0x00000000f5580000, 0x00000000f7100000, 0x0000000100000000)
  eden space 14848K, 100% used [0x00000000f5580000,0x00000000f6400000,0x00000000f6400000)
  from space 512K, 0% used [0x00000000f6500000,0x00000000f6500000,0x00000000f6580000)
  to   space 6144K, 0% used [0x00000000f6a00000,0x00000000f6a00000,0x00000000f7000000)
 ParOldGen       total 349696K, used 349693K [0x00000000e0000000, 0x00000000f5580000, 0x00000000f5580000)
  object space 349696K, 99% used [0x00000000e0000000,0x00000000f557f6f8,0x00000000f5580000)
 Metaspace       used 52930K, committed 53824K, reserved 1097728K
  class space    used 5110K, committed 5504K, reserved 1048576K
}
Event: 900.314 GC heap after
{Heap after GC invocations=572 (full 467):
 PSYoungGen      total 20992K, used 14848K [0x00000000f5580000, 0x00000000f7100000, 0x0000000100000000)
  eden space 14848K, 100% used [0x00000000f5580000,0x00000000f6400000,0x00000000f6400000)
  from space 6144K, 0% used [0x00000000f6a00000,0x00000000f6a00000,0x00000000f7000000)
  to   space 512K, 0% used [0x00000000f6500000,0x00000000f6500000,0x00000000f6580000)
 ParOldGen       total 349696K, used 349693K [0x00000000e0000000, 0x00000000f5580000, 0x00000000f5580000)
  object space 349696K, 99% used [0x00000000e0000000,0x00000000f557f6f8,0x00000000f5580000)
 Metaspace       used 52930K, committed 53824K, reserved 1097728K
  class space    used 5110K, committed 5504K, reserved 1048576K
}
Event: 900.316 GC heap before
{Heap before GC invocations=573 (full 468):
 PSYoungGen      total 20992K, used 14848K [0x00000000f5580000, 0x00000000f7100000, 0x0000000100000000)
  eden space 14848K, 100% used [0x00000000f5580000,0x00000000f6400000,0x00000000f6400000)
  from space 6144K, 0% used [0x00000000f6a00000,0x00000000f6a00000,0x00000000f7000000)
  to   space 512K, 0% used [0x00000000f6500000,0x00000000f6500000,0x00000000f6580000)
 ParOldGen       total 349696K, used 349695K [0x00000000e0000000, 0x00000000f5580000, 0x00000000f5580000)
  object space 349696K, 99% used [0x00000000e0000000,0x00000000f557ff98,0x00000000f5580000)
 Metaspace       used 52930K, committed 53824K, reserved 1097728K
  class space    used 5110K, committed 5504K, reserved 1048576K
}
Event: 902.002 GC heap after
{Heap after GC invocations=573 (full 468):
 PSYoungGen      total 15360K, used 14847K [0x00000000f5580000, 0x00000000f7100000, 0x0000000100000000)
  eden space 14848K, 99% used [0x00000000f5580000,0x00000000f63fff08,0x00000000f6400000)
  from space 512K, 0% used [0x00000000f6500000,0x00000000f6500000,0x00000000f6580000)
  to   space 6144K, 0% used [0x00000000f6a00000,0x00000000f6a00000,0x00000000f7000000)
 ParOldGen       total 349696K, used 349695K [0x00000000e0000000, 0x00000000f5580000, 0x00000000f5580000)
  object space 349696K, 99% used [0x00000000e0000000,0x00000000f557fe98,0x00000000f5580000)
 Metaspace       used 52930K, committed 53824K, reserved 1097728K
  class space    used 5110K, committed 5504K, reserved 1048576K
}
Event: 902.004 GC heap before
{Heap before GC invocations=574 (full 469):
 PSYoungGen      total 15360K, used 14847K [0x00000000f5580000, 0x00000000f7100000, 0x0000000100000000)
  eden space 14848K, 99% used [0x00000000f5580000,0x00000000f63ffff8,0x00000000f6400000)
  from space 512K, 0% used [0x00000000f6500000,0x00000000f6500000,0x00000000f6580000)
  to   space 6144K, 0% used [0x00000000f6a00000,0x00000000f6a00000,0x00000000f7000000)
 ParOldGen       total 349696K, used 349696K [0x00000000e0000000, 0x00000000f5580000, 0x00000000f5580000)
  object space 349696K, 100% used [0x00000000e0000000,0x00000000f5580000,0x00000000f5580000)
 Metaspace       used 52930K, committed 53824K, reserved 1097728K
  class space    used 5110K, committed 5504K, reserved 1048576K
}
Event: 903.655 GC heap after
{Heap after GC invocations=574 (full 469):
 PSYoungGen      total 20992K, used 14847K [0x00000000f5580000, 0x00000000f7100000, 0x0000000100000000)
  eden space 14848K, 99% used [0x00000000f5580000,0x00000000f63fff00,0x00000000f6400000)
  from space 6144K, 0% used [0x00000000f6a00000,0x00000000f6a00000,0x00000000f7000000)
  to   space 512K, 0% used [0x00000000f6500000,0x00000000f6500000,0x00000000f6580000)
 ParOldGen       total 349696K, used 349695K [0x00000000e0000000, 0x00000000f5580000, 0x00000000f5580000)
  object space 349696K, 99% used [0x00000000e0000000,0x00000000f557ffc0,0x00000000f5580000)
 Metaspace       used 52930K, committed 53824K, reserved 1097728K
  class space    used 5110K, committed 5504K, reserved 1048576K
}
Event: 903.656 GC heap before
{Heap before GC invocations=575 (full 470):
 PSYoungGen      total 20992K, used 14848K [0x00000000f5580000, 0x00000000f7100000, 0x0000000100000000)
  eden space 14848K, 100% used [0x00000000f5580000,0x00000000f6400000,0x00000000f6400000)
  from space 6144K, 0% used [0x00000000f6a00000,0x00000000f6a00000,0x00000000f7000000)
  to   space 512K, 0% used [0x00000000f6500000,0x00000000f6500000,0x00000000f6580000)
 ParOldGen       total 349696K, used 349695K [0x00000000e0000000, 0x00000000f5580000, 0x00000000f5580000)
  object space 349696K, 99% used [0x00000000e0000000,0x00000000f557ffc0,0x00000000f5580000)
 Metaspace       used 52930K, committed 53824K, reserved 1097728K
  class space    used 5110K, committed 5504K, reserved 1048576K
}
Event: 905.318 GC heap after
{Heap after GC invocations=575 (full 470):
 PSYoungGen      total 15360K, used 14847K [0x00000000f5580000, 0x00000000f7100000, 0x0000000100000000)
  eden space 14848K, 99% used [0x00000000f5580000,0x00000000f63fff00,0x00000000f6400000)
  from space 512K, 0% used [0x00000000f6500000,0x00000000f6500000,0x00000000f6580000)
  to   space 6144K, 0% used [0x00000000f6a00000,0x00000000f6a00000,0x00000000f7000000)
 ParOldGen       total 349696K, used 349695K [0x00000000e0000000, 0x00000000f5580000, 0x00000000f5580000)
  object space 349696K, 99% used [0x00000000e0000000,0x00000000f557ffc0,0x00000000f5580000)
 Metaspace       used 52930K, committed 53824K, reserved 1097728K
  class space    used 5110K, committed 5504K, reserved 1048576K
}
Event: 905.319 GC heap before
{Heap before GC invocations=576 (full 471):
 PSYoungGen      total 15360K, used 14847K [0x00000000f5580000, 0x00000000f7100000, 0x0000000100000000)
  eden space 14848K, 99% used [0x00000000f5580000,0x00000000f63fff58,0x00000000f6400000)
  from space 512K, 0% used [0x00000000f6500000,0x00000000f6500000,0x00000000f6580000)
  to   space 6144K, 0% used [0x00000000f6a00000,0x00000000f6a00000,0x00000000f7000000)
 ParOldGen       total 349696K, used 349695K [0x00000000e0000000, 0x00000000f5580000, 0x00000000f5580000)
  object space 349696K, 99% used [0x00000000e0000000,0x00000000f557ffc0,0x00000000f5580000)
 Metaspace       used 52930K, committed 53824K, reserved 1097728K
  class space    used 5110K, committed 5504K, reserved 1048576K
}
Event: 907.003 GC heap after
{Heap after GC invocations=576 (full 471):
 PSYoungGen      total 20992K, used 14847K [0x00000000f5580000, 0x00000000f7100000, 0x0000000100000000)
  eden space 14848K, 99% used [0x00000000f5580000,0x00000000f63fff18,0x00000000f6400000)
  from space 6144K, 0% used [0x00000000f6a00000,0x00000000f6a00000,0x00000000f7000000)
  to   space 512K, 0% used [0x00000000f6500000,0x00000000f6500000,0x00000000f6580000)
 ParOldGen       total 349696K, used 349695K [0x00000000e0000000, 0x00000000f5580000, 0x00000000f5580000)
  object space 349696K, 99% used [0x00000000e0000000,0x00000000f557ffc0,0x00000000f5580000)
 Metaspace       used 52930K, committed 53824K, reserved 1097728K
  class space    used 5110K, committed 5504K, reserved 1048576K
}
Event: 907.003 GC heap before
{Heap before GC invocations=577 (full 472):
 PSYoungGen      total 20992K, used 14847K [0x00000000f5580000, 0x00000000f7100000, 0x0000000100000000)
  eden space 14848K, 99% used [0x00000000f5580000,0x00000000f63fff18,0x00000000f6400000)
  from space 6144K, 0% used [0x00000000f6a00000,0x00000000f6a00000,0x00000000f7000000)
  to   space 512K, 0% used [0x00000000f6500000,0x00000000f6500000,0x00000000f6580000)
 ParOldGen       total 349696K, used 349695K [0x00000000e0000000, 0x00000000f5580000, 0x00000000f5580000)
  object space 349696K, 99% used [0x00000000e0000000,0x00000000f557ffc0,0x00000000f5580000)
 Metaspace       used 52930K, committed 53824K, reserved 1097728K
  class space    used 5110K, committed 5504K, reserved 1048576K
}
Event: 908.827 GC heap after
{Heap after GC invocations=577 (full 472):
 PSYoungGen      total 15360K, used 14847K [0x00000000f5580000, 0x00000000f7100000, 0x0000000100000000)
  eden space 14848K, 99% used [0x00000000f5580000,0x00000000f63fff18,0x00000000f6400000)
  from space 512K, 0% used [0x00000000f6500000,0x00000000f6500000,0x00000000f6580000)
  to   space 6144K, 0% used [0x00000000f6a00000,0x00000000f6a00000,0x00000000f7000000)
 ParOldGen       total 349696K, used 349695K [0x00000000e0000000, 0x00000000f5580000, 0x00000000f5580000)
  object space 349696K, 99% used [0x00000000e0000000,0x00000000f557ffc0,0x00000000f5580000)
 Metaspace       used 52930K, committed 53824K, reserved 1097728K
  class space    used 5110K, committed 5504K, reserved 1048576K
}
Event: 908.844 GC heap before
{Heap before GC invocations=578 (full 473):
 PSYoungGen      total 15360K, used 14847K [0x00000000f5580000, 0x00000000f7100000, 0x0000000100000000)
  eden space 14848K, 99% used [0x00000000f5580000,0x00000000f63fff18,0x00000000f6400000)
  from space 512K, 0% used [0x00000000f6500000,0x00000000f6500000,0x00000000f6580000)
  to   space 6144K, 0% used [0x00000000f6a00000,0x00000000f6a00000,0x00000000f7000000)
 ParOldGen       total 349696K, used 349695K [0x00000000e0000000, 0x00000000f5580000, 0x00000000f5580000)
  object space 349696K, 99% used [0x00000000e0000000,0x00000000f557ffc0,0x00000000f5580000)
 Metaspace       used 52930K, committed 53824K, reserved 1097728K
  class space    used 5110K, committed 5504K, reserved 1048576K
}
Event: 910.699 GC heap after
{Heap after GC invocations=578 (full 473):
 PSYoungGen      total 20992K, used 14847K [0x00000000f5580000, 0x00000000f7100000, 0x0000000100000000)
  eden space 14848K, 99% used [0x00000000f5580000,0x00000000f63fff18,0x00000000f6400000)
  from space 6144K, 0% used [0x00000000f6a00000,0x00000000f6a00000,0x00000000f7000000)
  to   space 512K, 0% used [0x00000000f6500000,0x00000000f6500000,0x00000000f6580000)
 ParOldGen       total 349696K, used 349694K [0x00000000e0000000, 0x00000000f5580000, 0x00000000f5580000)
  object space 349696K, 99% used [0x00000000e0000000,0x00000000f557fa20,0x00000000f5580000)
 Metaspace       used 52930K, committed 53824K, reserved 1097728K
  class space    used 5110K, committed 5504K, reserved 1048576K
}
Event: 910.699 GC heap before
{Heap before GC invocations=579 (full 474):
 PSYoungGen      total 20992K, used 14847K [0x00000000f5580000, 0x00000000f7100000, 0x0000000100000000)
  eden space 14848K, 99% used [0x00000000f5580000,0x00000000f63fff18,0x00000000f6400000)
  from space 6144K, 0% used [0x00000000f6a00000,0x00000000f6a00000,0x00000000f7000000)
  to   space 512K, 0% used [0x00000000f6500000,0x00000000f6500000,0x00000000f6580000)
 ParOldGen       total 349696K, used 349694K [0x00000000e0000000, 0x00000000f5580000, 0x00000000f5580000)
  object space 349696K, 99% used [0x00000000e0000000,0x00000000f557fa20,0x00000000f5580000)
 Metaspace       used 52930K, committed 53824K, reserved 1097728K
  class space    used 5110K, committed 5504K, reserved 1048576K
}
Event: 912.417 GC heap after
{Heap after GC invocations=579 (full 474):
 PSYoungGen      total 15360K, used 14847K [0x00000000f5580000, 0x00000000f7100000, 0x0000000100000000)
  eden space 14848K, 99% used [0x00000000f5580000,0x00000000f63fff18,0x00000000f6400000)
  from space 512K, 0% used [0x00000000f6500000,0x00000000f6500000,0x00000000f6580000)
  to   space 6144K, 0% used [0x00000000f6a00000,0x00000000f6a00000,0x00000000f7000000)
 ParOldGen       total 349696K, used 349694K [0x00000000e0000000, 0x00000000f5580000, 0x00000000f5580000)
  object space 349696K, 99% used [0x00000000e0000000,0x00000000f557fa20,0x00000000f5580000)
 Metaspace       used 52930K, committed 53824K, reserved 1097728K
  class space    used 5110K, committed 5504K, reserved 1048576K
}

