# JRE version: OpenJDK Runtime Environment GraalVM CE 22.3.0 (17.0.5+8) (build 17.0.5+8-jvmci-22.3-b08)
# Java VM: OpenJDK 64-Bit Server VM GraalVM CE 22.3.0 (17.0.5+8-jvmci-22.3-b08, mixed mode, sharing, tiered, jvmci, jvmci compiler, compressed oops, compressed class ptrs, parallel gc, linux-amd64)
GC Precious Log:
 CPUs: 8 total, 1 available
 Memory: 1024M
 Large Page Support: Disabled
 NUMA Support: Disabled
 Compressed Oops: Enabled (32-bit)
 Alignments: Space 512K, Generation 512K, Heap 2M
 Heap Min Capacity: 100M
 Heap Initial Capacity: 100M
 Heap Max Capacity: 512M
 Pre-touch: Disabled
 Parallel Workers: 1
Heap:
 PSYoungGen      total 39424K, used 26112K [0x00000000f5580000, 0x00000000f8a00000, 0x0000000100000000)
  eden space 26112K, 100% used [0x00000000f5580000,0x00000000f6f00000,0x00000000f6f00000)
  from space 13312K, 0% used [0x00000000f7300000,0x00000000f7300000,0x00000000f8000000)
  to   space 8192K, 0% used [0x00000000f8200000,0x00000000f8200000,0x00000000f8a00000)
 ParOldGen       total 349696K, used 349696K [0x00000000e0000000, 0x00000000f5580000, 0x00000000f5580000)
  object space 349696K, 100% used [0x00000000e0000000,0x00000000f5580000,0x00000000f5580000)
 Metaspace       used 53481K, committed 54400K, reserved 1097728K
  class space    used 5148K, committed 5568K, reserved 1048576K
GC Heap History (20 events):
Event: 805.090 GC heap before
{Heap before GC invocations=550 (full 442):
 PSYoungGen      total 39424K, used 26112K [0x00000000f5580000, 0x00000000f8a00000, 0x0000000100000000)
  eden space 26112K, 100% used [0x00000000f5580000,0x00000000f6f00000,0x00000000f6f00000)
  from space 13312K, 0% used [0x00000000f7300000,0x00000000f7300000,0x00000000f8000000)
  to   space 8192K, 0% used [0x00000000f8200000,0x00000000f8200000,0x00000000f8a00000)
 ParOldGen       total 349696K, used 349695K [0x00000000e0000000, 0x00000000f5580000, 0x00000000f5580000)
  object space 349696K, 99% used [0x00000000e0000000,0x00000000f557ffd8,0x00000000f5580000)
 Metaspace       used 53481K, committed 54400K, reserved 1097728K
  class space    used 5148K, committed 5568K, reserved 1048576K
}
Event: 806.553 GC heap after
{Heap after GC invocations=550 (full 442):
 PSYoungGen      total 34304K, used 26112K [0x00000000f5580000, 0x00000000f8a00000, 0x0000000100000000)
  eden space 26112K, 100% used [0x00000000f5580000,0x00000000f6f00000,0x00000000f6f00000)
  from space 8192K, 0% used [0x00000000f8200000,0x00000000f8200000,0x00000000f8a00000)
  to   space 13312K, 0% used [0x00000000f7300000,0x00000000f7300000,0x00000000f8000000)
 ParOldGen       total 349696K, used 349695K [0x00000000e0000000, 0x00000000f5580000, 0x00000000f5580000)
  object space 349696K, 99% used [0x00000000e0000000,0x00000000f557ffb8,0x00000000f5580000)
 Metaspace       used 53481K, committed 54400K, reserved 1097728K
  class space    used 5148K, committed 5568K, reserved 1048576K
}
Event: 806.553 GC heap before
{Heap before GC invocations=551 (full 443):
 PSYoungGen      total 34304K, used 26112K [0x00000000f5580000, 0x00000000f8a00000, 0x0000000100000000)
  eden space 26112K, 100% used [0x00000000f5580000,0x00000000f6f00000,0x00000000f6f00000)
  from space 8192K, 0% used [0x00000000f8200000,0x00000000f8200000,0x00000000f8a00000)
  to   space 13312K, 0% used [0x00000000f7300000,0x00000000f7300000,0x00000000f8000000)
 ParOldGen       total 349696K, used 349695K [0x00000000e0000000, 0x00000000f5580000, 0x00000000f5580000)
  object space 349696K, 99% used [0x00000000e0000000,0x00000000f557ffd0,0x00000000f5580000)
 Metaspace       used 53481K, committed 54400K, reserved 1097728K
  class space    used 5148K, committed 5568K, reserved 1048576K
}
Event: 807.914 GC heap after
{Heap after GC invocations=551 (full 443):
 PSYoungGen      total 39424K, used 26112K [0x00000000f5580000, 0x00000000f8a00000, 0x0000000100000000)
  eden space 26112K, 100% used [0x00000000f5580000,0x00000000f6f00000,0x00000000f6f00000)
  from space 13312K, 0% used [0x00000000f7300000,0x00000000f7300000,0x00000000f8000000)
  to   space 8192K, 0% used [0x00000000f8200000,0x00000000f8200000,0x00000000f8a00000)
 ParOldGen       total 349696K, used 349695K [0x00000000e0000000, 0x00000000f5580000, 0x00000000f5580000)
  object space 349696K, 99% used [0x00000000e0000000,0x00000000f557ffd0,0x00000000f5580000)
 Metaspace       used 53481K, committed 54400K, reserved 1097728K
  class space    used 5148K, committed 5568K, reserved 1048576K
}
Event: 807.914 GC heap before
{Heap before GC invocations=552 (full 444):
 PSYoungGen      total 39424K, used 26112K [0x00000000f5580000, 0x00000000f8a00000, 0x0000000100000000)
  eden space 26112K, 100% used [0x00000000f5580000,0x00000000f6f00000,0x00000000f6f00000)
  from space 13312K, 0% used [0x00000000f7300000,0x00000000f7300000,0x00000000f8000000)
  to   space 8192K, 0% used [0x00000000f8200000,0x00000000f8200000,0x00000000f8a00000)
 ParOldGen       total 349696K, used 349695K [0x00000000e0000000, 0x00000000f5580000, 0x00000000f5580000)
  object space 349696K, 99% used [0x00000000e0000000,0x00000000f557ffd0,0x00000000f5580000)
 Metaspace       used 53481K, committed 54400K, reserved 1097728K
  class space    used 5148K, committed 5568K, reserved 1048576K
}
Event: 809.373 GC heap after
{Heap after GC invocations=552 (full 444):
 PSYoungGen      total 34304K, used 26112K [0x00000000f5580000, 0x00000000f8a00000, 0x0000000100000000)
  eden space 26112K, 100% used [0x00000000f5580000,0x00000000f6f00000,0x00000000f6f00000)
  from space 8192K, 0% used [0x00000000f8200000,0x00000000f8200000,0x00000000f8a00000)
  to   space 13312K, 0% used [0x00000000f7300000,0x00000000f7300000,0x00000000f8000000)
 ParOldGen       total 349696K, used 349695K [0x00000000e0000000, 0x00000000f5580000, 0x00000000f5580000)
  object space 349696K, 99% used [0x00000000e0000000,0x00000000f557ffd0,0x00000000f5580000)
 Metaspace       used 53481K, committed 54400K, reserved 1097728K
  class space    used 5148K, committed 5568K, reserved 1048576K
}
Event: 809.374 GC heap before
{Heap before GC invocations=553 (full 445):
 PSYoungGen      total 34304K, used 26112K [0x00000000f5580000, 0x00000000f8a00000, 0x0000000100000000)
  eden space 26112K, 100% used [0x00000000f5580000,0x00000000f6f00000,0x00000000f6f00000)
  from space 8192K, 0% used [0x00000000f8200000,0x00000000f8200000,0x00000000f8a00000)
  to   space 13312K, 0% used [0x00000000f7300000,0x00000000f7300000,0x00000000f8000000)
 ParOldGen       total 349696K, used 349695K [0x00000000e0000000, 0x00000000f5580000, 0x00000000f5580000)
  object space 349696K, 99% used [0x00000000e0000000,0x00000000f557fff8,0x00000000f5580000)
 Metaspace       used 53481K, committed 54400K, reserved 1097728K
  class space    used 5148K, committed 5568K, reserved 1048576K
}
Event: 810.889 GC heap after
{Heap after GC invocations=553 (full 445):
 PSYoungGen      total 39424K, used 26112K [0x00000000f5580000, 0x00000000f8a00000, 0x0000000100000000)
  eden space 26112K, 100% used [0x00000000f5580000,0x00000000f6f00000,0x00000000f6f00000)
  from space 13312K, 0% used [0x00000000f7300000,0x00000000f7300000,0x00000000f8000000)
  to   space 8192K, 0% used [0x00000000f8200000,0x00000000f8200000,0x00000000f8a00000)
 ParOldGen       total 349696K, used 349695K [0x00000000e0000000, 0x00000000f5580000, 0x00000000f5580000)
  object space 349696K, 99% used [0x00000000e0000000,0x00000000f557ffc0,0x00000000f5580000)
 Metaspace       used 53481K, committed 54400K, reserved 1097728K
  class space    used 5148K, committed 5568K, reserved 1048576K
}
Event: 810.889 GC heap before
{Heap before GC invocations=554 (full 446):
 PSYoungGen      total 39424K, used 26112K [0x00000000f5580000, 0x00000000f8a00000, 0x0000000100000000)
  eden space 26112K, 100% used [0x00000000f5580000,0x00000000f6f00000,0x00000000f6f00000)
  from space 13312K, 0% used [0x00000000f7300000,0x00000000f7300000,0x00000000f8000000)
  to   space 8192K, 0% used [0x00000000f8200000,0x00000000f8200000,0x00000000f8a00000)
 ParOldGen       total 349696K, used 349695K [0x00000000e0000000, 0x00000000f5580000, 0x00000000f5580000)
  object space 349696K, 99% used [0x00000000e0000000,0x00000000f557fff8,0x00000000f5580000)
 Metaspace       used 53481K, committed 54400K, reserved 1097728K
  class space    used 5148K, committed 5568K, reserved 1048576K
}
Event: 812.177 GC heap after
{Heap after GC invocations=554 (full 446):
 PSYoungGen      total 34304K, used 26112K [0x00000000f5580000, 0x00000000f8a00000, 0x0000000100000000)
  eden space 26112K, 100% used [0x00000000f5580000,0x00000000f6f00000,0x00000000f6f00000)
  from space 8192K, 0% used [0x00000000f8200000,0x00000000f8200000,0x00000000f8a00000)
  to   space 13312K, 0% used [0x00000000f7300000,0x00000000f7300000,0x00000000f8000000)
 ParOldGen       total 349696K, used 349695K [0x00000000e0000000, 0x00000000f5580000, 0x00000000f5580000)
  object space 349696K, 99% used [0x00000000e0000000,0x00000000f557ffe0,0x00000000f5580000)
 Metaspace       used 53481K, committed 54400K, reserved 1097728K
  class space    used 5148K, committed 5568K, reserved 1048576K
}
Event: 812.178 GC heap before
{Heap before GC invocations=555 (full 447):
 PSYoungGen      total 34304K, used 26112K [0x00000000f5580000, 0x00000000f8a00000, 0x0000000100000000)
  eden space 26112K, 100% used [0x00000000f5580000,0x00000000f6f00000,0x00000000f6f00000)
  from space 8192K, 0% used [0x00000000f8200000,0x00000000f8200000,0x00000000f8a00000)
  to   space 13312K, 0% used [0x00000000f7300000,0x00000000f7300000,0x00000000f8000000)
 ParOldGen       total 349696K, used 349695K [0x00000000e0000000, 0x00000000f5580000, 0x00000000f5580000)
  object space 349696K, 99% used [0x00000000e0000000,0x00000000f557fff8,0x00000000f5580000)
 Metaspace       used 53481K, committed 54400K, reserved 1097728K
  class space    used 5148K, committed 5568K, reserved 1048576K
}
Event: 813.482 GC heap after
{Heap after GC invocations=555 (full 447):
 PSYoungGen      total 39424K, used 26112K [0x00000000f5580000, 0x00000000f8a00000, 0x0000000100000000)
  eden space 26112K, 100% used [0x00000000f5580000,0x00000000f6f00000,0x00000000f6f00000)
  from space 13312K, 0% used [0x00000000f7300000,0x00000000f7300000,0x00000000f8000000)
  to   space 8192K, 0% used [0x00000000f8200000,0x00000000f8200000,0x00000000f8a00000)
 ParOldGen       total 349696K, used 349695K [0x00000000e0000000, 0x00000000f5580000, 0x00000000f5580000)
  object space 349696K, 99% used [0x00000000e0000000,0x00000000f557ff70,0x00000000f5580000)
 Metaspace       used 53481K, committed 54400K, reserved 1097728K
  class space    used 5148K, committed 5568K, reserved 1048576K
}
Event: 813.482 GC heap before
{Heap before GC invocations=556 (full 448):
 PSYoungGen      total 39424K, used 26112K [0x00000000f5580000, 0x00000000f8a00000, 0x0000000100000000)
  eden space 26112K, 100% used [0x00000000f5580000,0x00000000f6f00000,0x00000000f6f00000)
  from space 13312K, 0% used [0x00000000f7300000,0x00000000f7300000,0x00000000f8000000)
  to   space 8192K, 0% used [0x00000000f8200000,0x00000000f8200000,0x00000000f8a00000)
 ParOldGen       total 349696K, used 349696K [0x00000000e0000000, 0x00000000f5580000, 0x00000000f5580000)
  object space 349696K, 100% used [0x00000000e0000000,0x00000000f5580000,0x00000000f5580000)
 Metaspace       used 53481K, committed 54400K, reserved 1097728K
  class space    used 5148K, committed 5568K, reserved 1048576K
}
Event: 816.654 GC heap after
{Heap after GC invocations=556 (full 448):
 PSYoungGen      total 34304K, used 26112K [0x00000000f5580000, 0x00000000f8a00000, 0x0000000100000000)
  eden space 26112K, 100% used [0x00000000f5580000,0x00000000f6f00000,0x00000000f6f00000)
  from space 8192K, 0% used [0x00000000f8200000,0x00000000f8200000,0x00000000f8a00000)
  to   space 13312K, 0% used [0x00000000f7300000,0x00000000f7300000,0x00000000f8000000)
 ParOldGen       total 349696K, used 349695K [0x00000000e0000000, 0x00000000f5580000, 0x00000000f5580000)
  object space 349696K, 99% used [0x00000000e0000000,0x00000000f557fff0,0x00000000f5580000)
 Metaspace       used 53481K, committed 54400K, reserved 1097728K
  class space    used 5148K, committed 5568K, reserved 1048576K
}
Event: 816.654 GC heap before
{Heap before GC invocations=557 (full 449):
 PSYoungGen      total 34304K, used 26112K [0x00000000f5580000, 0x00000000f8a00000, 0x0000000100000000)
  eden space 26112K, 100% used [0x00000000f5580000,0x00000000f6f00000,0x00000000f6f00000)
  from space 8192K, 0% used [0x00000000f8200000,0x00000000f8200000,0x00000000f8a00000)
  to   space 13312K, 0% used [0x00000000f7300000,0x00000000f7300000,0x00000000f8000000)
 ParOldGen       total 349696K, used 349695K [0x00000000e0000000, 0x00000000f5580000, 0x00000000f5580000)
  object space 349696K, 99% used [0x00000000e0000000,0x00000000f557fff0,0x00000000f5580000)
 Metaspace       used 53481K, committed 54400K, reserved 1097728K
  class space    used 5148K, committed 5568K, reserved 1048576K
}
Event: 820.146 GC heap after
{Heap after GC invocations=557 (full 449):
 PSYoungGen      total 39424K, used 26112K [0x00000000f5580000, 0x00000000f8a00000, 0x0000000100000000)
  eden space 26112K, 100% used [0x00000000f5580000,0x00000000f6f00000,0x00000000f6f00000)
  from space 13312K, 0% used [0x00000000f7300000,0x00000000f7300000,0x00000000f8000000)
  to   space 8192K, 0% used [0x00000000f8200000,0x00000000f8200000,0x00000000f8a00000)
 ParOldGen       total 349696K, used 349695K [0x00000000e0000000, 0x00000000f5580000, 0x00000000f5580000)
  object space 349696K, 99% used [0x00000000e0000000,0x00000000f557fff0,0x00000000f5580000)
 Metaspace       used 53481K, committed 54400K, reserved 1097728K
  class space    used 5148K, committed 5568K, reserved 1048576K
}
Event: 820.148 GC heap before
{Heap before GC invocations=558 (full 450):
 PSYoungGen      total 39424K, used 26112K [0x00000000f5580000, 0x00000000f8a00000, 0x0000000100000000)
  eden space 26112K, 100% used [0x00000000f5580000,0x00000000f6f00000,0x00000000f6f00000)
  from space 13312K, 0% used [0x00000000f7300000,0x00000000f7300000,0x00000000f8000000)
  to   space 8192K, 0% used [0x00000000f8200000,0x00000000f8200000,0x00000000f8a00000)
 ParOldGen       total 349696K, used 349695K [0x00000000e0000000, 0x00000000f5580000, 0x00000000f5580000)
  object space 349696K, 99% used [0x00000000e0000000,0x00000000f557fff0,0x00000000f5580000)
 Metaspace       used 53481K, committed 54400K, reserved 1097728K
  class space    used 5148K, committed 5568K, reserved 1048576K
}
Event: 821.687 GC heap after
{Heap after GC invocations=558 (full 450):
 PSYoungGen      total 34304K, used 26111K [0x00000000f5580000, 0x00000000f8a00000, 0x0000000100000000)
  eden space 26112K, 99% used [0x00000000f5580000,0x00000000f6efffe0,0x00000000f6f00000)
  from space 8192K, 0% used [0x00000000f8200000,0x00000000f8200000,0x00000000f8a00000)
  to   space 13312K, 0% used [0x00000000f7300000,0x00000000f7300000,0x00000000f8000000)
 ParOldGen       total 349696K, used 349695K [0x00000000e0000000, 0x00000000f5580000, 0x00000000f5580000)
  object space 349696K, 99% used [0x00000000e0000000,0x00000000f557fff0,0x00000000f5580000)
 Metaspace       used 53481K, committed 54400K, reserved 1097728K
  class space    used 5148K, committed 5568K, reserved 1048576K
}
Event: 821.687 GC heap before
{Heap before GC invocations=559 (full 451):
 PSYoungGen      total 34304K, used 26111K [0x00000000f5580000, 0x00000000f8a00000, 0x0000000100000000)
  eden space 26112K, 99% used [0x00000000f5580000,0x00000000f6efffe0,0x00000000f6f00000)
  from space 8192K, 0% used [0x00000000f8200000,0x00000000f8200000,0x00000000f8a00000)
  to   space 13312K, 0% used [0x00000000f7300000,0x00000000f7300000,0x00000000f8000000)
 ParOldGen       total 349696K, used 349695K [0x00000000e0000000, 0x00000000f5580000, 0x00000000f5580000)
  object space 349696K, 99% used [0x00000000e0000000,0x00000000f557fff0,0x00000000f5580000)
 Metaspace       used 53481K, committed 54400K, reserved 1097728K
  class space    used 5148K, committed 5568K, reserved 1048576K
}
Event: 822.958 GC heap after
{Heap after GC invocations=559 (full 451):
 PSYoungGen      total 39424K, used 26111K [0x00000000f5580000, 0x00000000f8a00000, 0x0000000100000000)
  eden space 26112K, 99% used [0x00000000f5580000,0x00000000f6efffe0,0x00000000f6f00000)
  from space 13312K, 0% used [0x00000000f7300000,0x00000000f7300000,0x00000000f8000000)
  to   space 8192K, 0% used [0x00000000f8200000,0x00000000f8200000,0x00000000f8a00000)
 ParOldGen       total 349696K, used 349695K [0x00000000e0000000, 0x00000000f5580000, 0x00000000f5580000)
  object space 349696K, 99% used [0x00000000e0000000,0x00000000f557fff0,0x00000000f5580000)
 Metaspace       used 53481K, committed 54400K, reserved 1097728K
  class space    used 5148K, committed 5568K, reserved 1048576K
}

